<?xml version="1.0" encoding="UTF-8"?>
<testsuite xmlns:xsi="http://www.w3.org/2001/XMLSchema-instance" xsi:noNamespaceSchemaLocation="https://maven.apache.org/surefire/maven-surefire-plugin/xsd/surefire-test-report-3.0.xsd" version="3.0" name="TestSuite" time="0.727" tests="8" errors="0" skipped="0" failures="0">
  <properties>
[...]
</properties>
  <testcase name="login" classname="crossBrowserTesting.HRMLogin" time="0.002">
    <system-out><![CDATA[launching....
login test case
]]></system-out>
    <system-err><![CDATA[SLF4J: Failed to load class "org.slf4j.impl.StaticLoggerBinder".
SLF4J: Defaulting to no-operation (NOP) logger implementation
SLF4J: See http://www.slf4j.org/codes.html#StaticLoggerBinder for further details.
]]></system-err>
  </testcase>
  <testcase name="login" classname="crossBrowserTesting.HRMLogin" time="0">
    <system-out><![CDATA[closing app....
launching....
login test case
]]></system-out>
  </testcase>
  <testcase name="additems" classname="crossBrowserTesting.HRMLogin" time="0">
    <system-out><![CDATA[additems test case
]]></system-out>
  </testcase>
  <testcase name="additems" classname="crossBrowserTesting.HRMLogin" time="0">
    <system-out><![CDATA[additems test case
]]></system-out>
  </testcase>
  <testcase name="payment" classname="crossBrowserTesting.HRMLogin" time="0">
    <system-out><![CDATA[payment test case
]]></system-out>
  </testcase>
  <testcase name="payment" classname="crossBrowserTesting.HRMLogin" time="0">
    <system-out><![CDATA[payment test case
]]></system-out>
  </testcase>
  <testcase name="logout" classname="crossBrowserTesting.HRMLogin" time="0.001">
    <system-out><![CDATA[logout test case
]]></system-out>
  </testcase>
  <testcase name="logout" classname="crossBrowserTesting.HRMLogin" time="0">
    <system-out><![CDATA[logout test case
]]></system-out>
  </testcase>
</testsuite>