<?xml version="1.0" encoding="UTF-8"?>
<!-- Generated by org.testng.reporters.JUnitXMLReporter -->
<testsuite ignored="0" hostname="DESKTOP-H0PI4DT" failures="0" tests="3" name="Test" time="58.587" errors="0" timestamp="2022-10-28T15:13:39 IST">
  <testcase classname="dataDrivenTest.NOPComLogin" name="verifyLoginWithInValidUser" time="10.946"/>
  <testcase classname="dataDrivenTest.NOPComLogin" name="verifyLoginWithInValidUser" time="10.947"/>
  <testcase classname="dataDrivenTest.NOPComLogin" name="verifyLoginWithInValidUser" time="10.883"/>
</testsuite> <!-- Test -->
