<?xml version="1.0" encoding="UTF-8"?>
<testng-results ignored="0" total="3" passed="3" failed="0" skipped="0">
  <reporter-output>
  </reporter-output>
  <suite started-at="2022-10-28T15:12:41 IST" name="Suite" finished-at="2022-10-28T15:13:39 IST" duration-ms="58587">
    <groups>
    </groups>
    <test started-at="2022-10-28T15:12:41 IST" name="Test" finished-at="2022-10-28T15:13:39 IST" duration-ms="58587">
      <class name="dataDrivenTest.NOPComLogin">
        <test-method is-config="true" signature="launchApp()[pri:0, instance:dataDrivenTest.NOPComLogin@35aea049]" started-at="2022-10-28T15:12:41 IST" name="launchApp" finished-at="2022-10-28T15:12:45 IST" duration-ms="4476" status="PASS">
          <reporter-output>
          </reporter-output>
        </test-method> <!-- launchApp -->
        <test-method signature="verifyLoginWithInValidUser(java.lang.String,java.lang.String)[pri:1, instance:dataDrivenTest.NOPComLogin@35aea049]" started-at="2022-10-28T15:12:45 IST" name="verifyLoginWithInValidUser" description="Login with Invalid user crednetails" data-provider="sampleData" finished-at="2022-10-28T15:12:56 IST" duration-ms="10946" status="PASS">
          <params>
            <param index="0">
              <value>
                <![CDATA[prem@yahoomail.com]]>
              </value>
            </param>
            <param index="1">
              <value>
                <![CDATA[demo@123]]>
              </value>
            </param>
          </params>
          <reporter-output>
          </reporter-output>
        </test-method> <!-- verifyLoginWithInValidUser -->
        <test-method signature="verifyLoginWithInValidUser(java.lang.String,java.lang.String)[pri:1, instance:dataDrivenTest.NOPComLogin@35aea049]" started-at="2022-10-28T15:12:56 IST" name="verifyLoginWithInValidUser" description="Login with Invalid user crednetails" data-provider="sampleData" finished-at="2022-10-28T15:13:07 IST" duration-ms="10947" status="PASS">
          <params>
            <param index="0">
              <value>
                <![CDATA[Rupam@google.com]]>
              </value>
            </param>
            <param index="1">
              <value>
                <![CDATA[demo@123]]>
              </value>
            </param>
          </params>
          <reporter-output>
          </reporter-output>
        </test-method> <!-- verifyLoginWithInValidUser -->
        <test-method signature="verifyLoginWithInValidUser(java.lang.String,java.lang.String)[pri:1, instance:dataDrivenTest.NOPComLogin@35aea049]" started-at="2022-10-28T15:13:07 IST" name="verifyLoginWithInValidUser" description="Login with Invalid user crednetails" data-provider="sampleData" finished-at="2022-10-28T15:13:18 IST" duration-ms="10883" status="PASS">
          <params>
            <param index="0">
              <value>
                <![CDATA[shivani@gmail.com]]>
              </value>
            </param>
            <param index="1">
              <value>
                <![CDATA[password@123]]>
              </value>
            </param>
          </params>
          <reporter-output>
          </reporter-output>
        </test-method> <!-- verifyLoginWithInValidUser -->
        <test-method is-config="true" signature="closingApp()[pri:0, instance:dataDrivenTest.NOPComLogin@35aea049]" started-at="2022-10-28T15:13:18 IST" name="closingApp" finished-at="2022-10-28T15:13:39 IST" duration-ms="21271" status="PASS">
          <reporter-output>
          </reporter-output>
        </test-method> <!-- closingApp -->
      </class> <!-- dataDrivenTest.NOPComLogin -->
    </test> <!-- Test -->
  </suite> <!-- Suite -->
</testng-results>
