<?xml version="1.0" encoding="UTF-8"?>
<testng-results skipped="0" failed="1" total="1" passed="0">
  <reporter-output>
  </reporter-output>
  <suite name="Default suite" duration-ms="16845" started-at="2022-10-31T10:41:06Z" finished-at="2022-10-31T10:41:23Z">
    <groups>
    </groups>
    <test name="Default test" duration-ms="16845" started-at="2022-10-31T10:41:06Z" finished-at="2022-10-31T10:41:23Z">
      <class name="pages.addCustomerRole">
        <test-method status="PASS" signature="launchApp()[pri:0, instance:pages.addCustomerRole@1d251891]" name="launchApp" is-config="true" duration-ms="4077" started-at="2022-10-31T03:41:06Z" finished-at="2022-10-31T03:41:10Z">
          <reporter-output>
          </reporter-output>
        </test-method> <!-- launchApp -->
        <test-method status="FAIL" signature="verifyCustomerRoleAddBTN()[pri:0, instance:pages.addCustomerRole@1d251891]" name="verifyCustomerRoleAddBTN" duration-ms="7501" started-at="2022-10-31T03:41:10Z" finished-at="2022-10-31T03:41:18Z">
          <exception class="java.lang.NullPointerException">
            <full-stacktrace>
              <![CDATA[java.lang.NullPointerException
	at pages.customerRolesPages.checkforAddRole(customerRolesPages.java:21)
	at pages.addCustomerRole.verifyCustomerRoleAddBTN(addCustomerRole.java:14)
	at sun.reflect.NativeMethodAccessorImpl.invoke0(Native Method)
	at sun.reflect.NativeMethodAccessorImpl.invoke(Unknown Source)
	at sun.reflect.DelegatingMethodAccessorImpl.invoke(Unknown Source)
	at java.lang.reflect.Method.invoke(Unknown Source)
	at org.testng.internal.MethodInvocationHelper.invokeMethod(MethodInvocationHelper.java:86)
	at org.testng.internal.Invoker.invokeMethod(Invoker.java:645)
	at org.testng.internal.Invoker.invokeTestMethod(Invoker.java:822)
	at org.testng.internal.Invoker.invokeTestMethods(Invoker.java:1130)
	at org.testng.internal.TestMethodWorker.invokeTestMethods(TestMethodWorker.java:129)
	at org.testng.internal.TestMethodWorker.run(TestMethodWorker.java:112)
	at org.testng.TestRunner.privateRun(TestRunner.java:782)
	at org.testng.TestRunner.run(TestRunner.java:632)
	at org.testng.SuiteRunner.runTest(SuiteRunner.java:366)
	at org.testng.SuiteRunner.runSequentially(SuiteRunner.java:361)
	at org.testng.SuiteRunner.privateRun(SuiteRunner.java:319)
	at org.testng.SuiteRunner.run(SuiteRunner.java:268)
	at org.testng.SuiteRunnerWorker.runSuite(SuiteRunnerWorker.java:52)
	at org.testng.SuiteRunnerWorker.run(SuiteRunnerWorker.java:86)
	at org.testng.TestNG.runSuitesSequentially(TestNG.java:1244)
	at org.testng.TestNG.runSuitesLocally(TestNG.java:1169)
	at org.testng.TestNG.run(TestNG.java:1064)
	at org.testng.remote.RemoteTestNG.run(RemoteTestNG.java:113)
	at org.testng.remote.RemoteTestNG.initAndRun(RemoteTestNG.java:206)
	at org.testng.remote.RemoteTestNG.main(RemoteTestNG.java:177)
]]>
            </full-stacktrace>
          </exception> <!-- java.lang.NullPointerException -->
          <reporter-output>
          </reporter-output>
        </test-method> <!-- verifyCustomerRoleAddBTN -->
        <test-method status="PASS" signature="closingApp()[pri:0, instance:pages.addCustomerRole@1d251891]" name="closingApp" is-config="true" duration-ms="5254" started-at="2022-10-31T03:41:18Z" finished-at="2022-10-31T03:41:23Z">
          <reporter-output>
          </reporter-output>
        </test-method> <!-- closingApp -->
      </class> <!-- pages.addCustomerRole -->
    </test> <!-- Default test -->
  </suite> <!-- Default suite -->
</testng-results>
