<?xml version="1.0" encoding="UTF-8"?>
<testng-results ignored="0" total="3" passed="3" failed="0" skipped="0">
  <reporter-output>
  </reporter-output>
  <suite started-at="2022-10-27T14:59:53 IST" name="Suite" finished-at="2022-10-27T15:00:12 IST" duration-ms="18638">
    <groups>
    </groups>
    <test started-at="2022-10-27T14:59:53 IST" name="Test" finished-at="2022-10-27T15:00:12 IST" duration-ms="18638">
      <class name="logExample.NOPComLogin">
        <test-method is-config="true" signature="launchApp()[pri:0, instance:logExample.NOPComLogin@506ae4d4]" started-at="2022-10-27T14:59:53 IST" name="launchApp" finished-at="2022-10-27T14:59:58 IST" duration-ms="4892" status="PASS">
          <reporter-output>
          </reporter-output>
        </test-method> <!-- launchApp -->
        <test-method signature="verifyLogin()[pri:1, instance:logExample.NOPComLogin@506ae4d4]" started-at="2022-10-27T14:59:58 IST" name="verifyLogin" description="Login with valid user crednetails" finished-at="2022-10-27T15:00:04 IST" duration-ms="6538" status="PASS">
          <reporter-output>
          </reporter-output>
        </test-method> <!-- verifyLogin -->
        <test-method signature="verifyAppTitle()[pri:2, instance:logExample.NOPComLogin@506ae4d4]" started-at="2022-10-27T15:00:04 IST" name="verifyAppTitle" finished-at="2022-10-27T15:00:04 IST" duration-ms="22" status="PASS">
          <reporter-output>
          </reporter-output>
        </test-method> <!-- verifyAppTitle -->
        <test-method signature="verifyLogout()[pri:3, instance:logExample.NOPComLogin@506ae4d4]" started-at="2022-10-27T15:00:04 IST" name="verifyLogout" finished-at="2022-10-27T15:00:06 IST" duration-ms="1908" status="PASS">
          <reporter-output>
          </reporter-output>
        </test-method> <!-- verifyLogout -->
        <test-method is-config="true" signature="closingApp()[pri:0, instance:logExample.NOPComLogin@506ae4d4]" started-at="2022-10-27T15:00:06 IST" name="closingApp" finished-at="2022-10-27T15:00:12 IST" duration-ms="5216" status="PASS">
          <reporter-output>
          </reporter-output>
        </test-method> <!-- closingApp -->
      </class> <!-- logExample.NOPComLogin -->
    </test> <!-- Test -->
  </suite> <!-- Suite -->
</testng-results>
