<?xml version="1.0" encoding="UTF-8"?>
<!-- Generated by org.testng.reporters.JUnitXMLReporter -->
<testsuite ignored="0" hostname="DESKTOP-QNHJ5Q7" failures="0" tests="4" name="Test4" time="0.006" errors="0" timestamp="2022-11-02T03:44:23 PDT">
  <testcase classname="crossBrowserTesting.HRMLogin" name="login" time="0.0"/>
  <testcase classname="crossBrowserTesting.HRMLogin" name="additems" time="0.0"/>
  <testcase classname="crossBrowserTesting.HRMLogin" name="payment" time="0.001"/>
  <testcase classname="crossBrowserTesting.HRMLogin" name="logout" time="0.001"/>
</testsuite> <!-- Test4 -->
